Lab experiment engine starting...
Model: gemma4:e4b
Max iterations per experiment: 5
Sleep between experiments: 0s


============================================================
Starting experiment: exp-005
============================================================

Phase 1: Generating hypothesis and initial code...
Thinking: The user's field notes provide a very clear assessment: the current experiments are too complex, lack basic visual fundamentals (color, simple geometry, WebAudio, CSS/SVG), and suffer from technical f...
Tool: write_experiment
Result: Experiment written and screenshot taken. Review the screenshot to decide: call write_experiment agai...

Iteration 2/5: Evaluating screenshot...
Thinking: The user has provided the result of an experiment (an image of a glowing, wave-like shape on a dark background, presumably an evolution of a previous attempt). I need to evaluate this result and decid...
Tool: write_experiment
Result: Experiment written and screenshot taken. Review the screenshot to decide: call write_experiment agai...

Iteration 3/5: Evaluating screenshot...
Thinking: The user has provided the third iteration of an experiment and expects me to evaluate it based on the screenshot (which I cannot see, but I must assume its context from the preceding interactions). Th...
Tool: write_experiment
Result: Experiment written and screenshot taken. Review the screenshot to decide: call write_experiment agai...

Iteration 4/5: Evaluating screenshot...
Thinking: The user has provided the prompt structure and an empty space where the screenshot should be, indicating this is a continuation of an iterative process. Since no actual screenshot or previous context ...
Tool: write_experiment
Result: Experiment written and screenshot taken. Review the screenshot to decide: call write_experiment agai...

Iteration 5/5: Evaluating screenshot...
Thinking: The user has provided a screenshot of the current experiment (iteration 5/5) and asked for an evaluation and the next action.

The screenshot shows a collection of bright, blue, dynamic, line-like str...
Tool: write_experiment
Result: Experiment written and screenshot taken. Review the screenshot to decide: call write_experiment agai...

Max iterations reached — publishing current state.
Published experiment exp-005: "Evolving Energy Field"

Sleeping 0s before next experiment...

============================================================
Starting experiment: exp-006
============================================================

Phase 1: Generating hypothesis and initial code...
